  testObj.cpp
  c:\program files (x86)\microsoft directx sdk (june 2010)\include\dinput.h: DIRECTINPUT_VERSION undefined. Defaulting to version 0x0800
  scene3d.cpp
  c:\program files (x86)\microsoft directx sdk (june 2010)\include\dinput.h: DIRECTINPUT_VERSION undefined. Defaulting to version 0x0800
c:\users\gsp028\desktop\授業\プログラム\visual_studio_2015\projects\2年\c++\game creation practice\チーム制作\part2\fez\fez\scene3d.cpp(123): warning C4018: '<': signed と unsigned の数値を比較しようとしました。
  renderer.cpp
  c:\program files (x86)\microsoft directx sdk (june 2010)\include\dinput.h: DIRECTINPUT_VERSION undefined. Defaulting to version 0x0800
c:\users\gsp028\desktop\授業\プログラム\visual_studio_2015\projects\2年\c++\game creation practice\チーム制作\part2\fez\fez\renderer.cpp(221): warning C4101: 'str': ローカル変数は 1 度も使われていません。
  polygon2d.cpp
  c:\program files (x86)\microsoft directx sdk (june 2010)\include\dinput.h: DIRECTINPUT_VERSION undefined. Defaulting to version 0x0800
  player.cpp
  c:\program files (x86)\microsoft directx sdk (june 2010)\include\dinput.h: DIRECTINPUT_VERSION undefined. Defaulting to version 0x0800
  object.cpp
  c:\program files (x86)\microsoft directx sdk (june 2010)\include\dinput.h: DIRECTINPUT_VERSION undefined. Defaulting to version 0x0800
  manager.cpp
  c:\program files (x86)\microsoft directx sdk (june 2010)\include\dinput.h: DIRECTINPUT_VERSION undefined. Defaulting to version 0x0800
  main.cpp
  c:\program files (x86)\microsoft directx sdk (june 2010)\include\dinput.h: DIRECTINPUT_VERSION undefined. Defaulting to version 0x0800
  light.cpp
  c:\program files (x86)\microsoft directx sdk (june 2010)\include\dinput.h: DIRECTINPUT_VERSION undefined. Defaulting to version 0x0800
  library.cpp
  c:\program files (x86)\microsoft directx sdk (june 2010)\include\dinput.h: DIRECTINPUT_VERSION undefined. Defaulting to version 0x0800
  keyboard.cpp
  c:\program files (x86)\microsoft directx sdk (june 2010)\include\dinput.h: DIRECTINPUT_VERSION undefined. Defaulting to version 0x0800
  input.cpp
  c:\program files (x86)\microsoft directx sdk (june 2010)\include\dinput.h: DIRECTINPUT_VERSION undefined. Defaulting to version 0x0800
  camera.cpp
  c:\program files (x86)\microsoft directx sdk (june 2010)\include\dinput.h: DIRECTINPUT_VERSION undefined. Defaulting to version 0x0800
  billboard.cpp
  c:\program files (x86)\microsoft directx sdk (june 2010)\include\dinput.h: DIRECTINPUT_VERSION undefined. Defaulting to version 0x0800
  コードを生成中...
c:\users\gsp028\desktop\授業\プログラム\visual_studio_2015\projects\2年\c++\game creation practice\チーム制作\part2\fez\fez\library.cpp(71): warning C4172: ローカル変数またはテンポラリのアドレスを返します: cString
c:\users\gsp028\desktop\授業\プログラム\visual_studio_2015\projects\2年\c++\game creation practice\チーム制作\part2\fez\fez\library.cpp(84): warning C4172: ローカル変数またはテンポラリのアドレスを返します: cString
billboard.obj : error LNK2019: 未解決の外部シンボル D3DXMatrixMultiply が関数 "public: virtual void __cdecl CBillboard::Draw(void)" (?Draw@CBillboard@@UEAAXXZ) で参照されました。
scene3d.obj : error LNK2001: 外部シンボル "D3DXMatrixMultiply" は未解決です。
billboard.obj : error LNK2019: 未解決の外部シンボル D3DXMatrixInverse が関数 "public: virtual void __cdecl CBillboard::Draw(void)" (?Draw@CBillboard@@UEAAXXZ) で参照されました。
billboard.obj : error LNK2019: 未解決の外部シンボル D3DXMatrixScaling が関数 "public: virtual void __cdecl CBillboard::Draw(void)" (?Draw@CBillboard@@UEAAXXZ) で参照されました。
scene3d.obj : error LNK2001: 外部シンボル "D3DXMatrixScaling" は未解決です。
billboard.obj : error LNK2019: 未解決の外部シンボル D3DXMatrixTranslation が関数 "public: virtual void __cdecl CBillboard::Draw(void)" (?Draw@CBillboard@@UEAAXXZ) で参照されました。
scene3d.obj : error LNK2001: 外部シンボル "D3DXMatrixTranslation" は未解決です。
billboard.obj : error LNK2019: 未解決の外部シンボル D3DXMatrixRotationYawPitchRoll が関数 "public: virtual void __cdecl CBillboard::Draw(void)" (?Draw@CBillboard@@UEAAXXZ) で参照されました。
scene3d.obj : error LNK2001: 外部シンボル "D3DXMatrixRotationYawPitchRoll" は未解決です。
camera.obj : error LNK2019: 未解決の外部シンボル D3DXMatrixLookAtLH が関数 "public: virtual long __cdecl CCamera::Init(void)" (?Init@CCamera@@UEAAJXZ) で参照されました。
camera.obj : error LNK2019: 未解決の外部シンボル D3DXMatrixPerspectiveFovLH が関数 "public: virtual long __cdecl CCamera::Init(void)" (?Init@CCamera@@UEAAJXZ) で参照されました。
keyboard.obj : error LNK2019: 未解決の外部シンボル DirectInput8Create が関数 "public: virtual long __cdecl CInputKeyboard::Init(struct HINSTANCE__ *,struct HWND__ *)" (?Init@CInputKeyboard@@UEAAJPEAUHINSTANCE__@@PEAUHWND__@@@Z) で参照されました。
keyboard.obj : error LNK2001: 外部シンボル "IID_IDirectInput8A" は未解決です。
keyboard.obj : error LNK2001: 外部シンボル "GUID_SysKeyboard" は未解決です。
keyboard.obj : error LNK2001: 外部シンボル "c_dfDIKeyboard" は未解決です。
renderer.obj : error LNK2019: 未解決の外部シンボル Direct3DCreate9 が関数 "public: long __cdecl CRenderer::Init(struct HWND__ *,bool)" (?Init@CRenderer@@QEAAJPEAUHWND__@@_N@Z) で参照されました。
renderer.obj : error LNK2019: 未解決の外部シンボル D3DXCreateFontA が関数 "public: long __cdecl CRenderer::Init(struct HWND__ *,bool)" (?Init@CRenderer@@QEAAJPEAUHWND__@@_N@Z) で参照されました。
testObj.obj : error LNK2019: 未解決の外部シンボル D3DXLoadMeshFromXA が関数 "public: static long __cdecl CTestObj::Load(void)" (?Load@CTestObj@@SAJXZ) で参照されました。
testObj.obj : error LNK2019: 未解決の外部シンボル D3DXCreateTextureFromFileA が関数 "public: static long __cdecl CTestObj::Load(void)" (?Load@CTestObj@@SAJXZ) で参照されました。
C:\Program Files (x86)\Microsoft DirectX SDK (June 2010)\Lib\x86\d3d9.lib : warning LNK4272: ライブラリのコンピューターの種類 'X86' がターゲットのコンピューターの種類' x64' と競合しています
C:\Program Files (x86)\Microsoft DirectX SDK (June 2010)\Lib\x86\d3dx9.lib : warning LNK4272: ライブラリのコンピューターの種類 'X86' がターゲットのコンピューターの種類' x64' と競合しています
C:\Program Files (x86)\Microsoft DirectX SDK (June 2010)\Lib\x86\dxguid.lib : warning LNK4272: ライブラリのコンピューターの種類 'X86' がターゲットのコンピューターの種類' x64' と競合しています
C:\Program Files (x86)\Microsoft DirectX SDK (June 2010)\Lib\x86\dinput8.lib : warning LNK4272: ライブラリのコンピューターの種類 'X86' がターゲットのコンピューターの種類' x64' と競合しています
C:\Program Files (x86)\Microsoft DirectX SDK (June 2010)\Lib\x86\dsound.lib : warning LNK4272: ライブラリのコンピューターの種類 'X86' がターゲットのコンピューターの種類' x64' と競合しています
C:\Users\gsp028\Desktop\授業\プログラム\Visual_Studio_2015\Projects\2年\C++\Game Creation Practice\チーム制作\part2\FEZ\x64\Debug\FEZ.exe : fatal error LNK1120: 15 件の未解決の外部参照
