billboard.obj : error LNK2019: 未解決の外部シンボル D3DXMatrixMultiply が関数 "public: virtual void __cdecl CBillboard::Draw(void)" (?Draw@CBillboard@@UEAAXXZ) で参照されました。
scene3d.obj : error LNK2001: 外部シンボル "D3DXMatrixMultiply" は未解決です。
billboard.obj : error LNK2019: 未解決の外部シンボル D3DXMatrixInverse が関数 "public: virtual void __cdecl CBillboard::Draw(void)" (?Draw@CBillboard@@UEAAXXZ) で参照されました。
billboard.obj : error LNK2019: 未解決の外部シンボル D3DXMatrixScaling が関数 "public: virtual void __cdecl CBillboard::Draw(void)" (?Draw@CBillboard@@UEAAXXZ) で参照されました。
scene3d.obj : error LNK2001: 外部シンボル "D3DXMatrixScaling" は未解決です。
billboard.obj : error LNK2019: 未解決の外部シンボル D3DXMatrixTranslation が関数 "public: virtual void __cdecl CBillboard::Draw(void)" (?Draw@CBillboard@@UEAAXXZ) で参照されました。
scene3d.obj : error LNK2001: 外部シンボル "D3DXMatrixTranslation" は未解決です。
billboard.obj : error LNK2019: 未解決の外部シンボル D3DXMatrixRotationYawPitchRoll が関数 "public: virtual void __cdecl CBillboard::Draw(void)" (?Draw@CBillboard@@UEAAXXZ) で参照されました。
scene3d.obj : error LNK2001: 外部シンボル "D3DXMatrixRotationYawPitchRoll" は未解決です。
camera.obj : error LNK2019: 未解決の外部シンボル D3DXMatrixLookAtLH が関数 "public: virtual long __cdecl CCamera::Init(void)" (?Init@CCamera@@UEAAJXZ) で参照されました。
camera.obj : error LNK2019: 未解決の外部シンボル D3DXMatrixPerspectiveFovLH が関数 "public: virtual long __cdecl CCamera::Init(void)" (?Init@CCamera@@UEAAJXZ) で参照されました。
camera.obj : error LNK2019: 未解決の外部シンボル D3DXMatrixOrthoLH が関数 "public: void __cdecl CCamera::SetCamera(void)" (?SetCamera@CCamera@@QEAAXXZ) で参照されました。
keyboard.obj : error LNK2019: 未解決の外部シンボル DirectInput8Create が関数 "public: virtual long __cdecl CInputKeyboard::Init(struct HINSTANCE__ *,struct HWND__ *)" (?Init@CInputKeyboard@@UEAAJPEAUHINSTANCE__@@PEAUHWND__@@@Z) で参照されました。
keyboard.obj : error LNK2001: 外部シンボル "IID_IDirectInput8A" は未解決です。
keyboard.obj : error LNK2001: 外部シンボル "GUID_SysKeyboard" は未解決です。
keyboard.obj : error LNK2001: 外部シンボル "c_dfDIKeyboard" は未解決です。
player.obj : error LNK2019: 未解決の外部シンボル D3DXCreateTextureFromFileA が関数 "public: virtual long __cdecl CPlayer::Init(void)" (?Init@CPlayer@@UEAAJXZ) で参照されました。
renderer.obj : error LNK2019: 未解決の外部シンボル Direct3DCreate9 が関数 "public: long __cdecl CRenderer::Init(struct HWND__ *,bool)" (?Init@CRenderer@@QEAAJPEAUHWND__@@_N@Z) で参照されました。
renderer.obj : error LNK2019: 未解決の外部シンボル D3DXCreateFontA が関数 "public: long __cdecl CRenderer::Init(struct HWND__ *,bool)" (?Init@CRenderer@@QEAAJPEAUHWND__@@_N@Z) で参照されました。
testObj.obj : error LNK2019: 未解決の外部シンボル D3DXLoadMeshFromXA が関数 "public: static long __cdecl CTestObj::Load(void)" (?Load@CTestObj@@SAJXZ) で参照されました。
C:\Program Files (x86)\Microsoft DirectX SDK (June 2010)\Lib\x86\d3d9.lib : warning LNK4272: ライブラリのコンピューターの種類 'X86' がターゲットのコンピューターの種類' x64' と競合しています
C:\Program Files (x86)\Microsoft DirectX SDK (June 2010)\Lib\x86\d3dx9.lib : warning LNK4272: ライブラリのコンピューターの種類 'X86' がターゲットのコンピューターの種類' x64' と競合しています
C:\Program Files (x86)\Microsoft DirectX SDK (June 2010)\Lib\x86\dxguid.lib : warning LNK4272: ライブラリのコンピューターの種類 'X86' がターゲットのコンピューターの種類' x64' と競合しています
C:\Program Files (x86)\Microsoft DirectX SDK (June 2010)\Lib\x86\dinput8.lib : warning LNK4272: ライブラリのコンピューターの種類 'X86' がターゲットのコンピューターの種類' x64' と競合しています
C:\Program Files (x86)\Microsoft DirectX SDK (June 2010)\Lib\x86\dsound.lib : warning LNK4272: ライブラリのコンピューターの種類 'X86' がターゲットのコンピューターの種類' x64' と競合しています
C:\Users\gsp028\Desktop\授業\共有フォルダ\FEZ-Himiya\FEZ-Himiya-Player\x64\Debug\FEZ.exe : fatal error LNK1120: 16 件の未解決の外部参照
